<?xml version="1.0" encoding="UTF-8"?>
<testsuite xmlns:xsi="http://www.w3.org/2001/XMLSchema-instance" xsi:noNamespaceSchemaLocation="https://maven.apache.org/surefire/maven-surefire-plugin/xsd/surefire-test-report.xsd" name="br.ce.wcaquino.runners.RunnerTest" time="12.923" tests="3" errors="0" skipped="0" failures="0">
  <properties>
[...]
</properties>
  <testcase name="Deve inserir uma conta com sucesso" classname="Cadastro de contas" time="3.14"/>
  <testcase name="Não deve inserir uma conta sem nome" classname="Cadastro de contas" time="2.897"/>
  <testcase name="Não deve inserir uma conta com nome já existente" classname="Cadastro de contas" time="3.397"/>
</testsuite>